<?xml version="1.0" encoding="UTF-8"?>
<testsuite xmlns:xsi="http://www.w3.org/2001/XMLSchema-instance" xsi:noNamespaceSchemaLocation="https://maven.apache.org/surefire/maven-surefire-plugin/xsd/surefire-test-report.xsd" name="TestFavorites" time="0.034" tests="1" errors="0" skipped="0" failures="1">
  <properties>
[...]
</properties>
  <testcase name="givenInstanceOfFavorites_whenTypesArePut_thenGetRetrieves" classname="TestFavorites" time="0.025">
    <failure message="expected: &lt;Java&gt; but was: &lt;java&gt;" type="org.opentest4j.AssertionFailedError"><![CDATA[org.opentest4j.AssertionFailedError: expected: <Java> but was: <java>
	at TestFavorites.givenInstanceOfFavorites_whenTypesArePut_thenGetRetrieves(TestFavorites.java:19)
]]></failure>
  </testcase>
</testsuite>